This is pdfTeX, Version 3.141592653-2.6-1.40.22 (TeX Live 2022/dev/Debian) (preloaded format=pdflatex 2024.3.14)  17 JUL 2025 18:57
entering extended mode
 restricted \write18 enabled.
 %&-line parsing enabled.
**lithiumbatterysolid-stateelectrolytecatalogtopologyandphysicsdescription.tex

(./lithiumbatterysolid-stateelectrolytecatalogtopologyandphysicsdescription.tex
LaTeX2e <2021-11-15> patch level 1
L3 programming layer <2022-01-21> (./sphinxmanual.cls
Document Class: sphinxmanual 2019/12/01 v2.3.0 Document class (Sphinx manual)
(/usr/share/texlive/texmf-dist/tex/latex/base/report.cls
Document Class: report 2021/10/04 v1.4n Standard LaTeX document class
(/usr/share/texlive/texmf-dist/tex/latex/base/size10.clo
File: size10.clo 2021/10/04 v1.4n Standard LaTeX file (size option)
)
\c@part=\count185
\c@chapter=\count186
\c@section=\count187
\c@subsection=\count188
\c@subsubsection=\count189
\c@paragraph=\count190
\c@subparagraph=\count191
\c@figure=\count192
\c@table=\count193
\abovecaptionskip=\skip47
\belowcaptionskip=\skip48
\bibindent=\dimen138
)
LaTeX Info: Redefining \and on input line 35.
)
(/usr/share/texlive/texmf-dist/tex/latex/base/inputenc.sty
Package: inputenc 2021/02/14 v1.3d Input encoding file
\inpenc@prehook=\toks16
\inpenc@posthook=\toks17
)
   defining Unicode char U+00A0 (decimal 160)
   defining Unicode char U+2500 (decimal 9472)
   defining Unicode char U+2502 (decimal 9474)
   defining Unicode char U+2514 (decimal 9492)
   defining Unicode char U+251C (decimal 9500)
   defining Unicode char U+2572 (decimal 9586)

(/usr/share/texlive/texmf-dist/tex/latex/cmap/cmap.sty
Package: cmap 2021/02/06 v1.0j CMap support: searchable PDF
)
(/usr/share/texlive/texmf-dist/tex/latex/base/fontenc.sty
Package: fontenc 2021/04/29 v2.0v Standard LaTeX package
<<t1.cmap>>)
(/usr/share/texlive/texmf-dist/tex/latex/amsmath/amsmath.sty
Package: amsmath 2021/10/15 v2.17l AMS math features
\@mathmargin=\skip49

For additional information on amsmath, use the `?' option.
(/usr/share/texlive/texmf-dist/tex/latex/amsmath/amstext.sty
Package: amstext 2021/08/26 v2.01 AMS text

(/usr/share/texlive/texmf-dist/tex/latex/amsmath/amsgen.sty
File: amsgen.sty 1999/11/30 v2.0 generic functions
\@emptytoks=\toks18
\ex@=\dimen139
))
(/usr/share/texlive/texmf-dist/tex/latex/amsmath/amsbsy.sty
Package: amsbsy 1999/11/29 v1.2d Bold Symbols
\pmbraise@=\dimen140
)
(/usr/share/texlive/texmf-dist/tex/latex/amsmath/amsopn.sty
Package: amsopn 2021/08/26 v2.02 operator names
)
\inf@bad=\count194
LaTeX Info: Redefining \frac on input line 234.
\uproot@=\count195
\leftroot@=\count196
LaTeX Info: Redefining \overline on input line 399.
\classnum@=\count197
\DOTSCASE@=\count198
LaTeX Info: Redefining \ldots on input line 496.
LaTeX Info: Redefining \dots on input line 499.
LaTeX Info: Redefining \cdots on input line 620.
\Mathstrutbox@=\box50
\strutbox@=\box51
\big@size=\dimen141
LaTeX Font Info:    Redeclaring font encoding OML on input line 743.
LaTeX Font Info:    Redeclaring font encoding OMS on input line 744.
\macc@depth=\count199
\c@MaxMatrixCols=\count266
\dotsspace@=\muskip16
\c@parentequation=\count267
\dspbrk@lvl=\count268
\tag@help=\toks19
\row@=\count269
\column@=\count270
\maxfields@=\count271
\andhelp@=\toks20
\eqnshift@=\dimen142
\alignsep@=\dimen143
\tagshift@=\dimen144
\tagwidth@=\dimen145
\totwidth@=\dimen146
\lineht@=\dimen147
\@envbody=\toks21
\multlinegap=\skip50
\multlinetaggap=\skip51
\mathdisplay@stack=\toks22
LaTeX Info: Redefining \[ on input line 2938.
LaTeX Info: Redefining \] on input line 2939.
)
(/usr/share/texlive/texmf-dist/tex/latex/amsfonts/amssymb.sty
Package: amssymb 2013/01/14 v3.01 AMS font symbols

(/usr/share/texlive/texmf-dist/tex/latex/amsfonts/amsfonts.sty
Package: amsfonts 2013/01/14 v3.01 Basic AMSFonts support
\symAMSa=\mathgroup4
\symAMSb=\mathgroup5
LaTeX Font Info:    Redeclaring math symbol \hbar on input line 98.
LaTeX Font Info:    Overwriting math alphabet `\mathfrak' in version `bold'
(Font)                  U/euf/m/n --> U/euf/b/n on input line 106.
))
(/usr/share/texlive/texmf-dist/tex/generic/babel/babel.sty
Package: babel 2022/01/26 3.70 The Babel package
\babel@savecnt=\count272
\U@D=\dimen148
\l@unhyphenated=\language87

(/usr/share/texlive/texmf-dist/tex/generic/babel/txtbabel.def)
\bbl@readstream=\read2
\bbl@dirlevel=\count273

(/usr/share/texlive/texmf-dist/tex/generic/babel-english/english.ldf
Language: english 2017/06/06 v3.3r English support from the babel system
Package babel Info: Hyphen rules for 'canadian' set to \l@english
(babel)             (\language0). Reported on input line 102.
Package babel Info: Hyphen rules for 'australian' set to \l@ukenglish
(babel)             (\language61). Reported on input line 105.
Package babel Info: Hyphen rules for 'newzealand' set to \l@ukenglish
(babel)             (\language61). Reported on input line 108.
))
(/usr/share/texmf/tex/latex/tex-gyre/tgtermes.sty
Package: tgtermes 2009/09/27 v1.2 TeX Gyre Termes as default roman family

(/usr/share/texlive/texmf-dist/tex/latex/kvoptions/kvoptions.sty
Package: kvoptions 2020-10-07 v3.14 Key value format for package options (HO)

(/usr/share/texlive/texmf-dist/tex/latex/graphics/keyval.sty
Package: keyval 2014/10/28 v1.15 key=value parser (DPC)
\KV@toks@=\toks23
)
(/usr/share/texlive/texmf-dist/tex/generic/ltxcmds/ltxcmds.sty
Package: ltxcmds 2020-05-10 v1.25 LaTeX kernel commands for general use (HO)
)
(/usr/share/texlive/texmf-dist/tex/generic/kvsetkeys/kvsetkeys.sty
Package: kvsetkeys 2019/12/15 v1.18 Key value parser (HO)
)))
(/usr/share/texmf/tex/latex/tex-gyre/tgheros.sty
Package: tgheros 2009/09/27 v1.2 TeX Gyre Heros as default sans serif family
)
(/usr/share/texlive/texmf-dist/tex/latex/fncychap/fncychap.sty
Package: fncychap 2007/07/30 v1.34 LaTeX package (Revised chapters)
\RW=\skip52
\mylen=\skip53
\myhi=\skip54
\px=\skip55
\py=\skip56
\pyy=\skip57
\pxx=\skip58
\c@AlphaCnt=\count274
\c@AlphaDecCnt=\count275
) (./sphinx.sty
Package: sphinx 2023/03/19 v6.2.0 LaTeX package (Sphinx markup)

(/usr/share/texlive/texmf-dist/tex/latex/xcolor/xcolor.sty
Package: xcolor 2021/10/31 v2.13 LaTeX color extensions (UK)

(/usr/share/texlive/texmf-dist/tex/latex/graphics-cfg/color.cfg
File: color.cfg 2016/01/02 v1.6 sample color configuration
)
Package xcolor Info: Driver file: pdftex.def on input line 227.

(/usr/share/texlive/texmf-dist/tex/latex/graphics-def/pdftex.def
File: pdftex.def 2020/10/05 v1.2a Graphics/color driver for pdftex
)
Package xcolor Info: Model `cmy' substituted by `cmy0' on input line 1352.
Package xcolor Info: Model `hsb' substituted by `rgb' on input line 1356.
Package xcolor Info: Model `RGB' extended on input line 1368.
Package xcolor Info: Model `HTML' substituted by `rgb' on input line 1370.
Package xcolor Info: Model `Hsb' substituted by `hsb' on input line 1371.
Package xcolor Info: Model `tHsb' substituted by `hsb' on input line 1372.
Package xcolor Info: Model `HSB' substituted by `hsb' on input line 1373.
Package xcolor Info: Model `Gray' substituted by `gray' on input line 1374.
Package xcolor Info: Model `wave' substituted by `hsb' on input line 1375.
)
(./sphinxoptionshyperref.sty
File: sphinxoptionshyperref.sty 2021/01/27 hyperref
) (./sphinxoptionsgeometry.sty
File: sphinxoptionsgeometry.sty 2021/01/27 geometry
)
(/usr/share/texlive/texmf-dist/tex/latex/base/textcomp.sty
Package: textcomp 2020/02/02 v2.0n Standard LaTeX package
)
(/usr/share/texlive/texmf-dist/tex/latex/float/float.sty
Package: float 2001/11/08 v1.3d Float enhancements (AL)
\c@float@type=\count276
\float@exts=\toks24
\float@box=\box52
\@float@everytoks=\toks25
\@floatcapt=\box53
)
(/usr/share/texlive/texmf-dist/tex/latex/wrapfig/wrapfig.sty
\wrapoverhang=\dimen149
\WF@size=\dimen150
\c@WF@wrappedlines=\count277
\WF@box=\box54
\WF@everypar=\toks26
Package: wrapfig 2003/01/31  v 3.6
)
(/usr/share/texlive/texmf-dist/tex/latex/capt-of/capt-of.sty
Package: capt-of 2009/12/29 v0.2 standard captions outside of floats
)
(/usr/share/texlive/texmf-dist/tex/latex/tools/multicol.sty
Package: multicol 2021/10/28 v1.9b multicolumn formatting (FMi)
\c@tracingmulticols=\count278
\mult@box=\box55
\multicol@leftmargin=\dimen151
\c@unbalance=\count279
\c@collectmore=\count280
\doublecol@number=\count281
\multicoltolerance=\count282
\multicolpretolerance=\count283
\full@width=\dimen152
\page@free=\dimen153
\premulticols=\dimen154
\postmulticols=\dimen155
\multicolsep=\skip59
\multicolbaselineskip=\skip60
\partial@page=\box56
\last@line=\box57
\maxbalancingoverflow=\dimen156
\mult@rightbox=\box58
\mult@grightbox=\box59
\mult@firstbox=\box60
\mult@gfirstbox=\box61
\@tempa=\box62
\@tempa=\box63
\@tempa=\box64
\@tempa=\box65
\@tempa=\box66
\@tempa=\box67
\@tempa=\box68
\@tempa=\box69
\@tempa=\box70
\@tempa=\box71
\@tempa=\box72
\@tempa=\box73
\@tempa=\box74
\@tempa=\box75
\@tempa=\box76
\@tempa=\box77
\@tempa=\box78
\@tempa=\box79
\@tempa=\box80
\@tempa=\box81
\@tempa=\box82
\@tempa=\box83
\@tempa=\box84
\@tempa=\box85
\@tempa=\box86
\@tempa=\box87
\@tempa=\box88
\@tempa=\box89
\@tempa=\box90
\@tempa=\box91
\@tempa=\box92
\@tempa=\box93
\@tempa=\box94
\@tempa=\box95
\@tempa=\box96
\@tempa=\box97
\c@minrows=\count284
\c@columnbadness=\count285
\c@finalcolumnbadness=\count286
\last@try=\dimen157
\multicolovershoot=\dimen158
\multicolundershoot=\dimen159
\mult@nat@firstbox=\box98
\colbreak@box=\box99
\mc@col@check@num=\count287
)
(/usr/share/texlive/texmf-dist/tex/latex/graphics/graphicx.sty
Package: graphicx 2021/09/16 v1.2d Enhanced LaTeX Graphics (DPC,SPQR)

(/usr/share/texlive/texmf-dist/tex/latex/graphics/graphics.sty
Package: graphics 2021/03/04 v1.4d Standard LaTeX Graphics (DPC,SPQR)

(/usr/share/texlive/texmf-dist/tex/latex/graphics/trig.sty
Package: trig 2021/08/11 v1.11 sin cos tan (DPC)
)
(/usr/share/texlive/texmf-dist/tex/latex/graphics-cfg/graphics.cfg
File: graphics.cfg 2016/06/04 v1.11 sample graphics configuration
)
Package graphics Info: Driver file: pdftex.def on input line 107.
)
\Gin@req@height=\dimen160
\Gin@req@width=\dimen161
)
(./sphinxlatexgraphics.sty
File: sphinxlatexgraphics.sty 2021/01/27 graphics
\spx@image@maxheight=\dimen162
\spx@image@box=\box100
) (./sphinxpackageboxes.sty
Package: sphinxpackageboxes 2023/03/19 v6.2.0 advanced colored boxes

(/usr/share/texlive/texmf-dist/tex/latex/pict2e/pict2e.sty
Package: pict2e 2020/09/30 v0.4b Improved picture commands (HjG,RN,JT)

(/usr/share/texlive/texmf-dist/tex/latex/pict2e/pict2e.cfg
File: pict2e.cfg 2016/02/05 v0.1u pict2e configuration for teTeX/TeXLive
)
Package pict2e Info: Driver file: pdftex.def on input line 112.
Package pict2e Info: Driver file for pict2e: p2e-pdftex.def on input line 114.

(/usr/share/texlive/texmf-dist/tex/latex/pict2e/p2e-pdftex.def
File: p2e-pdftex.def 2016/02/05 v0.1u Driver-dependant file (RN,HjG,JT)
)
\pIIe@GRAPH=\toks27
\@arclen=\dimen163
\@arcrad=\dimen164
\pIIe@tempdima=\dimen165
\pIIe@tempdimb=\dimen166
\pIIe@tempdimc=\dimen167
\pIIe@tempdimd=\dimen168
\pIIe@tempdime=\dimen169
\pIIe@tempdimf=\dimen170
)
(/usr/share/texlive/texmf-dist/tex/latex/ellipse/ellipse.sty
Package: ellipse 2004/11/05 v1.0 .dtx ellipse file
)
\@tempdimd=\dimen171
\spx@tempboxa=\box101
\spx@tempboxb=\box102
\spx@boxes@border=\dimen172
\spx@boxes@border@top=\dimen173
\spx@boxes@border@right=\dimen174
\spx@boxes@border@bottom=\dimen175
\spx@boxes@border@left=\dimen176
\spx@boxes@padding@top=\dimen177
\spx@boxes@padding@right=\dimen178
\spx@boxes@padding@bottom=\dimen179
\spx@boxes@padding@left=\dimen180
\spx@boxes@shadow@xoffset=\dimen181
\spx@boxes@shadow@yoffset=\dimen182
\spx@boxes@radius@topleft@x=\dimen183
\spx@boxes@radius@topright@x=\dimen184
\spx@boxes@radius@bottomright@x=\dimen185
\spx@boxes@radius@bottomleft@x=\dimen186
\spx@boxes@radius@topleft@y=\dimen187
\spx@boxes@radius@topright@y=\dimen188
\spx@boxes@radius@bottomright@y=\dimen189
\spx@boxes@radius@bottomleft@y=\dimen190
)
(./sphinxlatexadmonitions.sty
File: sphinxlatexadmonitions.sty 2023/03/19 admonitions

(/usr/share/texlive/texmf-dist/tex/latex/framed/framed.sty
Package: framed 2011/10/22 v 0.96: framed or shaded text with page breaks
\OuterFrameSep=\skip61
\fb@frw=\dimen191
\fb@frh=\dimen192
\FrameRule=\dimen193
\FrameSep=\dimen194
)
\spx@notice@border=\dimen195
)
(./sphinxlatexliterals.sty
File: sphinxlatexliterals.sty 2023/04/01 code-blocks and parsed literals

(/usr/share/texlive/texmf-dist/tex/latex/fancyvrb/fancyvrb.sty
Package: fancyvrb 2021/12/21 4.1b verbatim text (tvz,hv)
\FV@CodeLineNo=\count288
\FV@InFile=\read3
\FV@TabBox=\box103
\c@FancyVerbLine=\count289
\FV@StepNumber=\count290
\FV@OutFile=\write3
)
(/usr/share/texlive/texmf-dist/tex/latex/base/alltt.sty
Package: alltt 2021/01/29 v2.0g defines alltt environment
)
(/usr/share/texlive/texmf-dist/tex/latex/upquote/upquote.sty
Package: upquote 2012/04/19 v1.3 upright-quote and grave-accent glyphs in verba
tim
)
(/usr/share/texlive/texmf-dist/tex/latex/needspace/needspace.sty
Package: needspace 2010/09/12 v1.3d reserve vertical space
)
\sphinxcontinuationbox=\box104
\sphinxvisiblespacebox=\box105
\sphinxVerbatim@TitleBox=\box106
\sphinxVerbatim@ContentsBox=\box107
)
(./sphinxlatexshadowbox.sty
File: sphinxlatexshadowbox.sty 2023/03/19 sphinxShadowBox
) (./sphinxlatexcontainers.sty
File: sphinxlatexcontainers.sty 2021/05/03 containers
)
(./sphinxhighlight.sty
Package: sphinxhighlight 2022/06/30 stylesheet for highlighting with pygments
) (./sphinxlatextables.sty
File: sphinxlatextables.sty 2022/08/15 tables

(/usr/share/texlive/texmf-dist/tex/latex/tabulary/tabulary.sty
Package: tabulary 2014/06/11 v0.10 tabulary package (DPC)

(/usr/share/texlive/texmf-dist/tex/latex/tools/array.sty
Package: array 2021/10/04 v2.5f Tabular extension package (FMi)
\col@sep=\dimen196
\ar@mcellbox=\box108
\extrarowheight=\dimen197
\NC@list=\toks28
\extratabsurround=\skip62
\backup@length=\skip63
\ar@cellbox=\box109
)
\TY@count=\count291
\TY@linewidth=\dimen198
\tymin=\dimen199
\tymax=\dimen256
\TY@tablewidth=\dimen257
)
(/usr/share/texlive/texmf-dist/tex/latex/tools/longtable.sty
Package: longtable 2021-09-01 v4.17 Multi-page Table package (DPC)
\LTleft=\skip64
\LTright=\skip65
\LTpre=\skip66
\LTpost=\skip67
\LTchunksize=\count292
\LTcapwidth=\dimen258
\LT@head=\box110
\LT@firsthead=\box111
\LT@foot=\box112
\LT@lastfoot=\box113
\LT@gbox=\box114
\LT@cols=\count293
\LT@rows=\count294
\c@LT@tables=\count295
\c@LT@chunks=\count296
\LT@p@ftn=\toks29
)
(/usr/share/texlive/texmf-dist/tex/latex/varwidth/varwidth.sty
Package: varwidth 2009/03/30 ver 0.92;  Variable-width minipages
\@vwid@box=\box115
\sift@deathcycles=\count297
\@vwid@loff=\dimen259
\@vwid@roff=\dimen260
)
\sphinx@TY@tablewidth=\dimen261

(/usr/share/texlive/texmf-dist/tex/latex/colortbl/colortbl.sty
Package: colortbl 2020/01/04 v1.0e Color table columns (DPC)
\everycr=\toks30
\minrowclearance=\skip68
)
\rownum=\count298

(/usr/share/texlive/texmf-dist/tex/latex/booktabs/booktabs.sty
Package: booktabs 2020/01/12 v1.61803398 Publication quality tables
\heavyrulewidth=\dimen262
\lightrulewidth=\dimen263
\cmidrulewidth=\dimen264
\belowrulesep=\dimen265
\belowbottomsep=\dimen266
\aboverulesep=\dimen267
\abovetopsep=\dimen268
\cmidrulesep=\dimen269
\cmidrulekern=\dimen270
\defaultaddspace=\dimen271
\@cmidla=\count299
\@cmidlb=\count300
\@aboverulesep=\dimen272
\@belowrulesep=\dimen273
\@thisruleclass=\count301
\@lastruleclass=\count302
\@thisrulewidth=\dimen274
))
(./sphinxlatexnumfig.sty
File: sphinxlatexnumfig.sty 2021/01/27 numbering
) (./sphinxlatexlists.sty
File: sphinxlatexlists.sty 2021/12/20 lists
\spx@lineitemlabel=\toks31
)
\c@sphinxscope=\count303
 (./sphinxpackagefootnote.sty
Package: sphinxpackagefootnote 2022/08/15 v5.3.0 Sphinx custom footnotehyper pa
ckage (Sphinx team)
\FNH@notes=\box116
\FNH@toks=\toks32
\FNH@width=\dimen275
\c@sphinxfootnotemark=\count304
) (./sphinxlatexindbibtoc.sty
File: sphinxlatexindbibtoc.sty 2021/01/27 index, bib., toc

(/usr/share/texlive/texmf-dist/tex/latex/base/makeidx.sty
Package: makeidx 2021/10/04 v1.0m Standard LaTeX package
))
(./sphinxlatexstylepage.sty
File: sphinxlatexstylepage.sty 2021/01/27 page styling

(/usr/share/texlive/texmf-dist/tex/latex/parskip/parskip.sty
Rollback for package 'parskip' requested -> version 'v1'.
         This corresponds to the release introduced on 2001-04-09.

(/usr/share/texlive/texmf-dist/tex/latex/parskip/parskip-2001-04-09.sty
Package: parskip 2001/04/09 non-zero parskip adjustments
))
(/usr/share/texlive/texmf-dist/tex/latex/fancyhdr/fancyhdr.sty
Package: fancyhdr 2021/01/28 v4.0.1 Extensive control of page headers and foote
rs
\f@nch@headwidth=\skip69
\f@nch@O@elh=\skip70
\f@nch@O@erh=\skip71
\f@nch@O@olh=\skip72
\f@nch@O@orh=\skip73
\f@nch@O@elf=\skip74
\f@nch@O@erf=\skip75
\f@nch@O@olf=\skip76
\f@nch@O@orf=\skip77
))
(./sphinxlatexstyleheadings.sty
File: sphinxlatexstyleheadings.sty 2023/02/11 headings

(/usr/share/texlive/texmf-dist/tex/latex/titlesec/titlesec.sty
Package: titlesec 2021/07/05 v2.14 Sectioning titles
\ttl@box=\box117
\beforetitleunit=\skip78
\aftertitleunit=\skip79
\ttl@plus=\dimen276
\ttl@minus=\dimen277
\ttl@toksa=\toks33
\titlewidth=\dimen278
\titlewidthlast=\dimen279
\titlewidthfirst=\dimen280
))
(./sphinxlatexstyletext.sty
File: sphinxlatexstyletext.sty 2023/07/23 text styling
) (./sphinxlatexobjects.sty
File: sphinxlatexobjects.sty 2023/07/23 documentation environments
\sphinxsignaturesep=\skip80
\sphinxsignaturelistskip=\skip81
\py@argswidth=\skip82
\lineblockindentation=\skip83
\DUlineblockindent=\skip84
))
(/usr/share/texlive/texmf-dist/tex/latex/geometry/geometry.sty
Package: geometry 2020/01/02 v5.9 Page Geometry

(/usr/share/texlive/texmf-dist/tex/generic/iftex/ifvtex.sty
Package: ifvtex 2019/10/25 v1.7 ifvtex legacy package. Use iftex instead.

(/usr/share/texlive/texmf-dist/tex/generic/iftex/iftex.sty
Package: iftex 2020/03/06 v1.0d TeX engine tests
))
\Gm@cnth=\count305
\Gm@cntv=\count306
\c@Gm@tempcnt=\count307
\Gm@bindingoffset=\dimen281
\Gm@wd@mp=\dimen282
\Gm@odd@mp=\dimen283
\Gm@even@mp=\dimen284
\Gm@layoutwidth=\dimen285
\Gm@layoutheight=\dimen286
\Gm@layouthoffset=\dimen287
\Gm@layoutvoffset=\dimen288
\Gm@dimlist=\toks34
)
(/usr/share/texlive/texmf-dist/tex/latex/hyperref/hyperref.sty
Package: hyperref 2021-06-07 v7.00m Hypertext links for LaTeX

(/usr/share/texlive/texmf-dist/tex/generic/pdftexcmds/pdftexcmds.sty
Package: pdftexcmds 2020-06-27 v0.33 Utility functions of pdfTeX for LuaTeX (HO
)

(/usr/share/texlive/texmf-dist/tex/generic/infwarerr/infwarerr.sty
Package: infwarerr 2019/12/03 v1.5 Providing info/warning/error messages (HO)
)
Package pdftexcmds Info: \pdf@primitive is available.
Package pdftexcmds Info: \pdf@ifprimitive is available.
Package pdftexcmds Info: \pdfdraftmode found.
)
(/usr/share/texlive/texmf-dist/tex/generic/kvdefinekeys/kvdefinekeys.sty
Package: kvdefinekeys 2019-12-19 v1.6 Define keys (HO)
)
(/usr/share/texlive/texmf-dist/tex/generic/pdfescape/pdfescape.sty
Package: pdfescape 2019/12/09 v1.15 Implements pdfTeX's escape features (HO)
)
(/usr/share/texlive/texmf-dist/tex/latex/hycolor/hycolor.sty
Package: hycolor 2020-01-27 v1.10 Color options for hyperref/bookmark (HO)
)
(/usr/share/texlive/texmf-dist/tex/latex/letltxmacro/letltxmacro.sty
Package: letltxmacro 2019/12/03 v1.6 Let assignment for LaTeX macros (HO)
)
(/usr/share/texlive/texmf-dist/tex/latex/auxhook/auxhook.sty
Package: auxhook 2019-12-17 v1.6 Hooks for auxiliary files (HO)
)
\@linkdim=\dimen289
\Hy@linkcounter=\count308
\Hy@pagecounter=\count309

(/usr/share/texlive/texmf-dist/tex/latex/hyperref/pd1enc.def
File: pd1enc.def 2021-06-07 v7.00m Hyperref: PDFDocEncoding definition (HO)
Now handling font encoding PD1 ...
... no UTF-8 mapping file for font encoding PD1
)
(/usr/share/texlive/texmf-dist/tex/latex/hyperref/hyperref-langpatches.def
File: hyperref-langpatches.def 2021-06-07 v7.00m Hyperref: patches for babel la
nguages
)
(/usr/share/texlive/texmf-dist/tex/generic/intcalc/intcalc.sty
Package: intcalc 2019/12/15 v1.3 Expandable calculations with integers (HO)
)
(/usr/share/texlive/texmf-dist/tex/generic/etexcmds/etexcmds.sty
Package: etexcmds 2019/12/15 v1.7 Avoid name clashes with e-TeX commands (HO)
)
\Hy@SavedSpaceFactor=\count310

(/usr/share/texlive/texmf-dist/tex/latex/hyperref/puenc.def
File: puenc.def 2021-06-07 v7.00m Hyperref: PDF Unicode definition (HO)
Now handling font encoding PU ...
... no UTF-8 mapping file for font encoding PU
)
Package hyperref Info: Option `unicode' set `true' on input line 4073.
Package hyperref Info: Option `colorlinks' set `true' on input line 4073.
Package hyperref Info: Option `breaklinks' set `true' on input line 4073.
Package hyperref Info: Hyper figures OFF on input line 4192.
Package hyperref Info: Link nesting OFF on input line 4197.
Package hyperref Info: Hyper index ON on input line 4200.
Package hyperref Info: Plain pages OFF on input line 4207.
Package hyperref Info: Backreferencing OFF on input line 4212.
Package hyperref Info: Implicit mode ON; LaTeX internals redefined.
Package hyperref Info: Bookmarks ON on input line 4445.
\c@Hy@tempcnt=\count311

(/usr/share/texlive/texmf-dist/tex/latex/url/url.sty
\Urlmuskip=\muskip17
Package: url 2013/09/16  ver 3.4  Verb mode for urls, etc.
)
LaTeX Info: Redefining \url on input line 4804.
\XeTeXLinkMargin=\dimen290

(/usr/share/texlive/texmf-dist/tex/generic/bitset/bitset.sty
Package: bitset 2019/12/09 v1.3 Handle bit-vector datatype (HO)

(/usr/share/texlive/texmf-dist/tex/generic/bigintcalc/bigintcalc.sty
Package: bigintcalc 2019/12/15 v1.5 Expandable calculations on big integers (HO
)
))
\Fld@menulength=\count312
\Field@Width=\dimen291
\Fld@charsize=\dimen292
Package hyperref Info: Hyper figures OFF on input line 6076.
Package hyperref Info: Link nesting OFF on input line 6081.
Package hyperref Info: Hyper index ON on input line 6084.
Package hyperref Info: backreferencing OFF on input line 6091.
Package hyperref Info: Link coloring ON on input line 6094.
Package hyperref Info: Link coloring with OCG OFF on input line 6101.
Package hyperref Info: PDF/A mode OFF on input line 6106.
LaTeX Info: Redefining \ref on input line 6146.
LaTeX Info: Redefining \pageref on input line 6150.

(/usr/share/texlive/texmf-dist/tex/latex/base/atbegshi-ltx.sty
Package: atbegshi-ltx 2021/01/10 v1.0c Emulation of the original atbegshi
package with kernel methods
)
\Hy@abspage=\count313
\c@Item=\count314
\c@Hfootnote=\count315
)
Package hyperref Info: Driver (autodetected): hpdftex.

(/usr/share/texlive/texmf-dist/tex/latex/hyperref/hpdftex.def
File: hpdftex.def 2021-06-07 v7.00m Hyperref driver for pdfTeX

(/usr/share/texlive/texmf-dist/tex/latex/base/atveryend-ltx.sty
Package: atveryend-ltx 2020/08/19 v1.0a Emulation of the original atveryend pac
kage
with kernel methods
)
\Fld@listcount=\count316
\c@bookmark@seq@number=\count317

(/usr/share/texlive/texmf-dist/tex/latex/rerunfilecheck/rerunfilecheck.sty
Package: rerunfilecheck 2019/12/05 v1.9 Rerun checks for auxiliary files (HO)

(/usr/share/texlive/texmf-dist/tex/generic/uniquecounter/uniquecounter.sty
Package: uniquecounter 2019/12/15 v1.4 Provide unlimited unique counter (HO)
)
Package uniquecounter Info: New unique counter `rerunfilecheck' on input line 2
86.
)
\Hy@SectionHShift=\skip85
)
(/usr/share/texlive/texmf-dist/tex/latex/oberdiek/hypcap.sty
Package: hypcap 2016/05/16 v1.12 Adjusting the anchors of captions (HO)
)
(./sphinxmessages.sty
Package: sphinxmessages 2019/01/04 v2.0 Localized LaTeX macros (Sphinx team)
)
\@indexfile=\write4
\openout4 = `lithiumbatterysolid-stateelectrolytecatalogtopologyandphysicsdescr
iption.idx'.


Writing index file lithiumbatterysolid-stateelectrolytecatalogtopologyandphysic
sdescription.idx
LaTeX Font Info:    Trying to load font information for T1+qtm on input line 73
.
(/usr/share/texmf/tex/latex/tex-gyre/t1qtm.fd
File: t1qtm.fd 2009/09/25 v1.2 font definition file for T1/qtm
)
(/usr/share/texlive/texmf-dist/tex/latex/l3backend/l3backend-pdftex.def
File: l3backend-pdftex.def 2022-01-12 L3 backend support: PDF output (pdfTeX)
\l__color_backend_stack_int=\count318
\l__pdf_internal_box=\box118
)
(./lithiumbatterysolid-stateelectrolytecatalogtopologyandphysicsdescription.aux
)
\openout1 = `lithiumbatterysolid-stateelectrolytecatalogtopologyandphysicsdescr
iption.aux'.

LaTeX Font Info:    Checking defaults for OML/cmm/m/it on input line 73.
LaTeX Font Info:    ... okay on input line 73.
LaTeX Font Info:    Checking defaults for OMS/cmsy/m/n on input line 73.
LaTeX Font Info:    ... okay on input line 73.
LaTeX Font Info:    Checking defaults for OT1/cmr/m/n on input line 73.
LaTeX Font Info:    ... okay on input line 73.
LaTeX Font Info:    Checking defaults for T1/cmr/m/n on input line 73.
LaTeX Font Info:    ... okay on input line 73.
LaTeX Font Info:    Checking defaults for TS1/cmr/m/n on input line 73.
LaTeX Font Info:    ... okay on input line 73.
LaTeX Font Info:    Checking defaults for OMX/cmex/m/n on input line 73.
LaTeX Font Info:    ... okay on input line 73.
LaTeX Font Info:    Checking defaults for U/cmr/m/n on input line 73.
LaTeX Font Info:    ... okay on input line 73.
LaTeX Font Info:    Checking defaults for PD1/pdf/m/n on input line 73.
LaTeX Font Info:    ... okay on input line 73.
LaTeX Font Info:    Checking defaults for PU/pdf/m/n on input line 73.
LaTeX Font Info:    ... okay on input line 73.
 (/usr/share/texlive/texmf-dist/tex/context/base/mkii/supp-pdf.mkii
[Loading MPS to PDF converter (version 2006.09.02).]
\scratchcounter=\count319
\scratchdimen=\dimen293
\scratchbox=\box119
\nofMPsegments=\count320
\nofMParguments=\count321
\everyMPshowfont=\toks35
\MPscratchCnt=\count322
\MPscratchDim=\dimen294
\MPnumerator=\count323
\makeMPintoPDFobject=\count324
\everyMPtoPDFconversion=\toks36
) (/usr/share/texlive/texmf-dist/tex/latex/epstopdf-pkg/epstopdf-base.sty
Package: epstopdf-base 2020-01-24 v2.11 Base part for package epstopdf
Package epstopdf-base Info: Redefining graphics rule for `.eps' on input line 4
85.

(/usr/share/texlive/texmf-dist/tex/latex/latexconfig/epstopdf-sys.cfg
File: epstopdf-sys.cfg 2010/07/13 v1.3 Configuration of (r)epstopdf for TeX Liv
e
))
\c@literalblock=\count325

*geometry* driver: auto-detecting
*geometry* detected driver: pdftex
*geometry* verbose mode - [ preamble ] result:
* driver: pdftex
* paper: letterpaper
* layout: <same size as paper>
* layoutoffset:(h,v)=(0.0pt,0.0pt)
* modes: twoside 
* h-part:(L,W,R)=(72.26999pt, 469.75502pt, 72.26999pt)
* v-part:(T,H,B)=(72.26999pt, 650.43001pt, 72.26999pt)
* \paperwidth=614.295pt
* \paperheight=794.96999pt
* \textwidth=469.75502pt
* \textheight=650.43001pt
* \oddsidemargin=0.0pt
* \evensidemargin=0.0pt
* \topmargin=-37.0pt
* \headheight=12.0pt
* \headsep=25.0pt
* \topskip=10.0pt
* \footskip=30.0pt
* \marginparwidth=36.135pt
* \marginparsep=11.0pt
* \columnsep=10.0pt
* \skip\footins=9.0pt plus 4.0pt minus 2.0pt
* \hoffset=0.0pt
* \voffset=0.0pt
* \mag=1000
* \@twocolumnfalse
* \@twosidetrue
* \@mparswitchtrue
* \@reversemarginfalse
* (1in=72.27pt=25.4mm, 1cm=28.453pt)

Package hyperref Info: Link coloring ON on input line 73.
(/usr/share/texlive/texmf-dist/tex/latex/hyperref/nameref.sty
Package: nameref 2021-04-02 v2.47 Cross-referencing by name of section

(/usr/share/texlive/texmf-dist/tex/latex/refcount/refcount.sty
Package: refcount 2019/12/15 v3.6 Data extraction from label references (HO)
)
(/usr/share/texlive/texmf-dist/tex/generic/gettitlestring/gettitlestring.sty
Package: gettitlestring 2019/12/15 v1.6 Cleanup title references (HO)
)
\c@section@level=\count326
)
LaTeX Info: Redefining \ref on input line 73.
LaTeX Info: Redefining \pageref on input line 73.
LaTeX Info: Redefining \nameref on input line 73.

(./lithiumbatterysolid-stateelectrolytecatalogtopologyandphysicsdescription.out
)
(./lithiumbatterysolid-stateelectrolytecatalogtopologyandphysicsdescription.out
)
\@outlinefile=\write5
\openout5 = `lithiumbatterysolid-stateelectrolytecatalogtopologyandphysicsdescr
iption.out'.

Package hyperref Info: Option `pageanchor' set `false' on input line 81.
LaTeX Font Info:    Trying to load font information for T1+qhv on input line 81
.
 (/usr/share/texmf/tex/latex/tex-gyre/t1qhv.fd
File: t1qhv.fd 2009/09/25 v1.2 font definition file for T1/qhv
)<<ot1.cmap>><<oml.cmap>><<oms.cmap>><<omx.cmap>>
LaTeX Font Info:    Trying to load font information for U+msa on input line 81.

 (/usr/share/texlive/texmf-dist/tex/latex/amsfonts/umsa.fd
File: umsa.fd 2013/01/14 v3.01 AMS symbols A
)
LaTeX Font Info:    Trying to load font information for U+msb on input line 81.


(/usr/share/texlive/texmf-dist/tex/latex/amsfonts/umsb.fd
File: umsb.fd 2013/01/14 v3.01 AMS symbols B
) [1

{/var/lib/texmf/fonts/map/pdftex/updmap/pdftex.map}] [2


]
(./lithiumbatterysolid-stateelectrolytecatalogtopologyandphysicsdescription.toc
[1

] [2])
\tf@toc=\write6
\openout6 = `lithiumbatterysolid-stateelectrolytecatalogtopologyandphysicsdescr
iption.toc'.

 [3] [4

]
Chapter 1.
<B2Li2S5.png, id=363, 433.62pt x 361.35pt>
LaTeX Font Info:    Trying to load font information for T1+txtt on input line 9
4.
(/usr/share/texlive/texmf-dist/tex/latex/txfonts/t1txtt.fd
File: t1txtt.fd 2000/12/15 v3.1
)
File: B2Li2S5.png Graphic file (type png)
<use B2Li2S5.png>
Package pdftex.def Info: B2Li2S5.png  used on input line 94.
(pdftex.def)             Requested size: 433.61894pt x 361.34912pt.
 [1

 <./B2Li2S5.png>] [2] [3] [4

]
Chapter 2.
<As1Li1O4Rb2.png, id=390, 433.62pt x 361.35pt>
File: As1Li1O4Rb2.png Graphic file (type png)
<use As1Li1O4Rb2.png>
Package pdftex.def Info: As1Li1O4Rb2.png  used on input line 796.
(pdftex.def)             Requested size: 433.61894pt x 361.34912pt.
[5 <./As1Li1O4Rb2.png>] [6] [7] [8

]
Chapter 3.
<Ge2Li1N3.png, id=411, 433.62pt x 361.35pt>
File: Ge2Li1N3.png Graphic file (type png)
<use Ge2Li1N3.png>
Package pdftex.def Info: Ge2Li1N3.png  used on input line 1446.
(pdftex.def)             Requested size: 433.61894pt x 361.34912pt.
[9 <./Ge2Li1N3.png>] [10] [11] [12

]
Chapter 4.
<In1Li1S2.png, id=430, 433.62pt x 361.35pt>
File: In1Li1S2.png Graphic file (type png)
<use In1Li1S2.png>
Package pdftex.def Info: In1Li1S2.png  used on input line 1971.
(pdftex.def)             Requested size: 433.61894pt x 361.34912pt.
[13 <./In1Li1S2.png>] [14] [15] [16

]
Chapter 5.
<Li4N2Na2.png, id=451, 433.62pt x 361.35pt>
File: Li4N2Na2.png Graphic file (type png)
<use Li4N2Na2.png>
Package pdftex.def Info: Li4N2Na2.png  used on input line 2452.
(pdftex.def)             Requested size: 433.61894pt x 361.34912pt.
[17 <./Li4N2Na2.png>] [18] [19] [20

]
Chapter 6.
<Be1Li1Sb1.png, id=471, 433.62pt x 361.35pt>
File: Be1Li1Sb1.png Graphic file (type png)
<use Be1Li1Sb1.png>
Package pdftex.def Info: Be1Li1Sb1.png  used on input line 2927.
(pdftex.def)             Requested size: 433.61894pt x 361.34912pt.
[21 <./Be1Li1Sb1.png>] [22] [23] [24

]
Chapter 7.
<K1Li1O1.png, id=491, 433.62pt x 361.35pt>
File: K1Li1O1.png Graphic file (type png)
<use K1Li1O1.png>
Package pdftex.def Info: K1Li1O1.png  used on input line 3350.
(pdftex.def)             Requested size: 433.61894pt x 361.34912pt.
[25 <./K1Li1O1.png>]

Package tabulary Warning: No suitable columns! on input line 3390.

[26] [27] [28

]
Chapter 8.
<Li1Mg1N1.png, id=511, 433.62pt x 361.35pt>
File: Li1Mg1N1.png Graphic file (type png)
<use Li1Mg1N1.png>
Package pdftex.def Info: Li1Mg1N1.png  used on input line 3832.
(pdftex.def)             Requested size: 433.61894pt x 361.34912pt.
[29 <./Li1Mg1N1.png>] [30] [31] [32

]
Chapter 9.
<As1Be1Li1.png, id=531, 433.62pt x 361.35pt>
File: As1Be1Li1.png Graphic file (type png)
<use As1Be1Li1.png>
Package pdftex.def Info: As1Be1Li1.png  used on input line 4261.
(pdftex.def)             Requested size: 433.61894pt x 361.34912pt.
[33 <./As1Be1Li1.png>] [34] [35] [36

]
Chapter 10.
<B2Ca1Li4O6.png, id=550, 433.62pt x 361.35pt>
File: B2Ca1Li4O6.png Graphic file (type png)
<use B2Ca1Li4O6.png>
Package pdftex.def Info: B2Ca1Li4O6.png  used on input line 4600.
(pdftex.def)             Requested size: 433.61894pt x 361.34912pt.
[37 <./B2Ca1Li4O6.png>] [38] [39] [40

]
Chapter 11.
<As1K1Li2.png, id=570, 433.62pt x 361.35pt>
File: As1K1Li2.png Graphic file (type png)
<use As1K1Li2.png>
Package pdftex.def Info: As1K1Li2.png  used on input line 5151.
(pdftex.def)             Requested size: 433.61894pt x 361.34912pt.
[41 <./As1K1Li2.png>] [42] [43] [44

]
Chapter 12.
<B1Li3N2.png, id=590, 433.62pt x 361.35pt>
File: B1Li3N2.png Graphic file (type png)
<use B1Li3N2.png>
Package pdftex.def Info: B1Li3N2.png  used on input line 5528.
(pdftex.def)             Requested size: 433.61894pt x 361.34912pt.
[45 <./B1Li3N2.png>] [46] [47] [48

]
Chapter 13.
<I1Li1.png, id=609, 433.62pt x 361.35pt>
File: I1Li1.png Graphic file (type png)
<use I1Li1.png>
Package pdftex.def Info: I1Li1.png  used on input line 5945.
(pdftex.def)             Requested size: 433.61894pt x 361.34912pt.
[49 <./I1Li1.png>] [50] [51] [52

]
Chapter 14.
<Al1Li5O4.png, id=629, 433.62pt x 361.35pt>
File: Al1Li5O4.png Graphic file (type png)
<use Al1Li5O4.png>
Package pdftex.def Info: Al1Li5O4.png  used on input line 6316.
(pdftex.def)             Requested size: 433.61894pt x 361.34912pt.
[53 <./Al1Li5O4.png>] [54] [55] [56

]
Chapter 15.
<Li6O4Zn1.png, id=650, 433.62pt x 361.35pt>
File: Li6O4Zn1.png Graphic file (type png)
<use Li6O4Zn1.png>
Package pdftex.def Info: Li6O4Zn1.png  used on input line 6849.
(pdftex.def)             Requested size: 433.61894pt x 361.34912pt.
[57 <./Li6O4Zn1.png>] [58] [59] [60

]
Chapter 16.
<Li3N1.png, id=669, 433.62pt x 361.35pt>
File: Li3N1.png Graphic file (type png)
<use Li3N1.png>
Package pdftex.def Info: Li3N1.png  used on input line 7396.
(pdftex.def)             Requested size: 433.61894pt x 361.34912pt.
[61 <./Li3N1.png>] [62] [63] [64

]
Chapter 17.
<Li7N4P1.png, id=689, 433.62pt x 361.35pt>
File: Li7N4P1.png Graphic file (type png)
<use Li7N4P1.png>
Package pdftex.def Info: Li7N4P1.png  used on input line 7716.
(pdftex.def)             Requested size: 433.61894pt x 361.34912pt.
[65 <./Li7N4P1.png>] [66] [67] [68]
Chapter 18.
<F8Li4Zr1.png, id=710, 433.62pt x 361.35pt>
File: F8Li4Zr1.png Graphic file (type png)
<use F8Li4Zr1.png>
Package pdftex.def Info: F8Li4Zr1.png  used on input line 9198.
(pdftex.def)             Requested size: 433.61894pt x 361.34912pt.
[69

 <./F8Li4Zr1.png>] [70] [71] [72]
Chapter 19.
<Li1N1Sr1.png, id=730, 433.62pt x 361.35pt>
File: Li1N1Sr1.png Graphic file (type png)
<use Li1N1Sr1.png>
Package pdftex.def Info: Li1N1Sr1.png  used on input line 10108.
(pdftex.def)             Requested size: 433.61894pt x 361.34912pt.
[73

 <./Li1N1Sr1.png>] [74] [75] [76

]
Chapter 20.
<C1Li1N1S1.png, id=750, 433.62pt x 361.35pt>
File: C1Li1N1S1.png Graphic file (type png)
<use C1Li1N1S1.png>
Package pdftex.def Info: C1Li1N1S1.png  used on input line 10447.
(pdftex.def)             Requested size: 433.61894pt x 361.34912pt.
[77 <./C1Li1N1S1.png>] [78] [79] [80

]
Chapter 21.
<Li1O5P1Ti1.png, id=770, 433.62pt x 361.35pt>
File: Li1O5P1Ti1.png Graphic file (type png)
<use Li1O5P1Ti1.png>
Package pdftex.def Info: Li1O5P1Ti1.png  used on input line 10942.
(pdftex.def)             Requested size: 433.61894pt x 361.34912pt.
[81 <./Li1O5P1Ti1.png>] [82] [83] [84

]
Chapter 22.
<B3Ca4Li1N6.png, id=791, 433.62pt x 361.35pt>
File: B3Ca4Li1N6.png Graphic file (type png)
<use B3Ca4Li1N6.png>
Package pdftex.def Info: B3Ca4Li1N6.png  used on input line 11592.
(pdftex.def)             Requested size: 433.61894pt x 361.34912pt.
[85 <./B3Ca4Li1N6.png>] [86] [87] [88

]
Chapter 23.
<B1Ca1Li1O3.png, id=811, 433.62pt x 361.35pt>
File: B1Ca1Li1O3.png Graphic file (type png)
<use B1Ca1Li1O3.png>
Package pdftex.def Info: B1Ca1Li1O3.png  used on input line 12169.
(pdftex.def)             Requested size: 433.61894pt x 361.34912pt.
[89 <./B1Ca1Li1O3.png>] [90] [91] [92

]
Chapter 24.
<Cl2Cs1Li1.png, id=832, 433.62pt x 361.35pt>
File: Cl2Cs1Li1.png Graphic file (type png)
<use Cl2Cs1Li1.png>
Package pdftex.def Info: Cl2Cs1Li1.png  used on input line 13027.
(pdftex.def)             Requested size: 433.61894pt x 361.34912pt.
[93 <./Cl2Cs1Li1.png>] [94] [95] [96

]
Chapter 25.
<Li4O4Ti1.png, id=851, 433.62pt x 361.35pt>
File: Li4O4Ti1.png Graphic file (type png)
<use Li4O4Ti1.png>
Package pdftex.def Info: Li4O4Ti1.png  used on input line 13392.
(pdftex.def)             Requested size: 433.61894pt x 361.34912pt.
[97 <./Li4O4Ti1.png>] [98] [99] [100

]
Chapter 26.
<B1Ge1Li1O4.png, id=872, 433.62pt x 361.35pt>
File: B1Ge1Li1O4.png Graphic file (type png)
<use B1Ge1Li1O4.png>
Package pdftex.def Info: B1Ge1Li1O4.png  used on input line 14094.
(pdftex.def)             Requested size: 433.61894pt x 361.34912pt.
[101 <./B1Ge1Li1O4.png>] [102] [103] [104

]
Chapter 27.
<F6Li3Ti1.png, id=892, 433.62pt x 361.35pt>
File: F6Li3Ti1.png Graphic file (type png)
<use F6Li3Ti1.png>
Package pdftex.def Info: F6Li3Ti1.png  used on input line 14550.
(pdftex.def)             Requested size: 433.61894pt x 361.34912pt.
[105 <./F6Li3Ti1.png>] [106] [107] [108

]
Chapter 28.
<Li2O4S1.png, id=913, 433.62pt x 361.35pt>
File: Li2O4S1.png Graphic file (type png)
<use Li2O4S1.png>
Package pdftex.def Info: Li2O4S1.png  used on input line 15304.
(pdftex.def)             Requested size: 433.61894pt x 361.34912pt.
[109 <./Li2O4S1.png>] [110] [111] [112

]
Chapter 29.
<C1Li4O4.png, id=933, 433.62pt x 361.35pt>
File: C1Li4O4.png Graphic file (type png)
<use C1Li4O4.png>
Package pdftex.def Info: C1Li4O4.png  used on input line 15875.
(pdftex.def)             Requested size: 433.61894pt x 361.34912pt.
[113 <./C1Li4O4.png>] [114] [115] [116

]
Chapter 30.
<Li2S1.png, id=953, 433.62pt x 361.35pt>
File: Li2S1.png Graphic file (type png)
<use Li2S1.png>
Package pdftex.def Info: Li2S1.png  used on input line 16376.
(pdftex.def)             Requested size: 433.61894pt x 361.34912pt.
[117 <./Li2S1.png>] [118] [119] [120

]
Chapter 31.
<Li14N6O3P2.png, id=972, 433.62pt x 361.35pt>
File: Li14N6O3P2.png Graphic file (type png)
<use Li14N6O3P2.png>
Package pdftex.def Info: Li14N6O3P2.png  used on input line 16799.
(pdftex.def)             Requested size: 433.61894pt x 361.34912pt.
[121 <./Li14N6O3P2.png>] [122] [123] [124

]
Chapter 32.
<Li1O2Ti1.png, id=992, 433.62pt x 361.35pt>
File: Li1O2Ti1.png Graphic file (type png)
<use Li1O2Ti1.png>
Package pdftex.def Info: Li1O2Ti1.png  used on input line 17385.
(pdftex.def)             Requested size: 433.61894pt x 361.34912pt.
[125 <./Li1O2Ti1.png>] [126] [127] [128]
Chapter 33.
<C2B1F2Li1O4.png, id=1013, 433.62pt x 361.35pt>
File: C2B1F2Li1O4.png Graphic file (type png)
<use C2B1F2Li1O4.png>
Package pdftex.def Info: C2B1F2Li1O4.png  used on input line 18451.
(pdftex.def)             Requested size: 433.61894pt x 361.34912pt.
[129

 <./C2B1F2Li1O4.png>] [130] [131] [132

]
Chapter 34.
<Al1Li1O4Si1.png, id=1033, 433.62pt x 361.35pt>
File: Al1Li1O4Si1.png Graphic file (type png)
<use Al1Li1O4Si1.png>
Package pdftex.def Info: Al1Li1O4Si1.png  used on input line 19205.
(pdftex.def)             Requested size: 433.61894pt x 361.34912pt.
[133 <./Al1Li1O4Si1.png>] [134] [135] [136

]
Chapter 35.
<Li5N2Na1.png, id=1054, 433.62pt x 361.35pt>
File: Li5N2Na1.png Graphic file (type png)
<use Li5N2Na1.png>
Package pdftex.def Info: Li5N2Na1.png  used on input line 19782.
(pdftex.def)             Requested size: 433.61894pt x 361.34912pt.
[137 <./Li5N2Na1.png>] [138] [139] [140

]
Chapter 36.
<Li1N2Zr1.png, id=1074, 433.62pt x 361.35pt>
File: Li1N2Zr1.png Graphic file (type png)
<use Li1N2Zr1.png>
Package pdftex.def Info: Li1N2Zr1.png  used on input line 20147.
(pdftex.def)             Requested size: 433.61894pt x 361.34912pt.
[141 <./Li1N2Zr1.png>] [142] [143] [144

]
Chapter 37.
<Cl1Li1O4.png, id=1093, 433.62pt x 327.3831pt>
File: Cl1Li1O4.png Graphic file (type png)
<use Cl1Li1O4.png>
Package pdftex.def Info: Cl1Li1O4.png  used on input line 20460.
(pdftex.def)             Requested size: 433.61894pt x 327.3823pt.
[145 <./Cl1Li1O4.png>] [146] [147] [148

]
Chapter 38.
<Li2N2Na4.png, id=1113, 433.62pt x 361.35pt>
File: Li2N2Na4.png Graphic file (type png)
<use Li2N2Na4.png>
Package pdftex.def Info: Li2N2Na4.png  used on input line 20985.
(pdftex.def)             Requested size: 433.61894pt x 361.34912pt.
[149 <./Li2N2Na4.png>] [150] [151] [152

]
Chapter 39.
<Li3N2Na3.png, id=1133, 433.62pt x 361.35pt>
File: Li3N2Na3.png Graphic file (type png)
<use Li3N2Na3.png>
Package pdftex.def Info: Li3N2Na3.png  used on input line 21350.
(pdftex.def)             Requested size: 433.61894pt x 361.34912pt.
[153 <./Li3N2Na3.png>] [154] [155] [156

]
Chapter 40.
<Li2N2Zr1.png, id=1152, 433.62pt x 361.35pt>
File: Li2N2Zr1.png Graphic file (type png)
<use Li2N2Zr1.png>
Package pdftex.def Info: Li2N2Zr1.png  used on input line 21715.
(pdftex.def)             Requested size: 433.61894pt x 361.34912pt.
[157 <./Li2N2Zr1.png>] [158] [159] [160

]
Chapter 41.
<I6Li2O18Ti1.png, id=1172, 433.62pt x 361.35pt>
File: I6Li2O18Ti1.png Graphic file (type png)
<use I6Li2O18Ti1.png>
Package pdftex.def Info: I6Li2O18Ti1.png  used on input line 22041.
(pdftex.def)             Requested size: 433.61894pt x 361.34912pt.
[161 <./I6Li2O18Ti1.png>] [162] [163] [164

]
Chapter 42.
<In1Li3O3.png, id=1192, 433.62pt x 361.35pt>
File: In1Li3O3.png Graphic file (type png)
<use In1Li3O3.png>
Package pdftex.def Info: In1Li3O3.png  used on input line 22605.
(pdftex.def)             Requested size: 433.61894pt x 361.34912pt.
[165 <./In1Li3O3.png>] [166] [167] [168

]
Chapter 43.
<Li2O4Si1Sr1.png, id=1212, 433.62pt x 361.35pt>
File: Li2O4Si1Sr1.png Graphic file (type png)
<use Li2O4Si1Sr1.png>
Package pdftex.def Info: Li2O4Si1Sr1.png  used on input line 23182.
(pdftex.def)             Requested size: 433.61894pt x 361.34912pt.
[169 <./Li2O4Si1Sr1.png>] [170] [171] [172

]
Chapter 44.
<Ca1Li1N1.png, id=1232, 433.62pt x 361.35pt>
File: Ca1Li1N1.png Graphic file (type png)
<use Ca1Li1N1.png>
Package pdftex.def Info: Ca1Li1N1.png  used on input line 23707.
(pdftex.def)             Requested size: 433.61894pt x 361.34912pt.
[173 <./Ca1Li1N1.png>] [174] [175] [176

]
Chapter 45.
<Br2Li5N1.png, id=1252, 433.62pt x 361.35pt>
File: Br2Li5N1.png Graphic file (type png)
<use Br2Li5N1.png>
Package pdftex.def Info: Br2Li5N1.png  used on input line 24136.
(pdftex.def)             Requested size: 433.61894pt x 361.34912pt.
[177 <./Br2Li5N1.png>] [178] [179] [180

]
Chapter 46.
<Al1La4Li1O8.png, id=1271, 433.62pt x 361.35pt>
File: Al1La4Li1O8.png Graphic file (type png)
<use Al1La4Li1O8.png>
Package pdftex.def Info: Al1La4Li1O8.png  used on input line 24617.
(pdftex.def)             Requested size: 433.61894pt x 361.34912pt.
[181 <./Al1La4Li1O8.png>] [182] [183] [184

]
Chapter 47.
<Br3Cs1Li2.png, id=1291, 433.62pt x 361.35pt>
File: Br3Cs1Li2.png Graphic file (type png)
<use Br3Cs1Li2.png>
Package pdftex.def Info: Br3Cs1Li2.png  used on input line 25202.
(pdftex.def)             Requested size: 433.61894pt x 361.34912pt.
[185 <./Br3Cs1Li2.png>] [186] [187] [188

]
Chapter 48.
<B1Li1Mg1N2.png, id=1311, 433.62pt x 361.35pt>
File: B1Li1Mg1N2.png Graphic file (type png)
<use B1Li1Mg1N2.png>
Package pdftex.def Info: B1Li1Mg1N2.png  used on input line 25571.
(pdftex.def)             Requested size: 433.61894pt x 361.34912pt.
[189 <./B1Li1Mg1N2.png>] [190] [191] [192

]
Chapter 49.
<Ge1Li3O4Zn0.png, id=1330, 433.62pt x 361.35pt>
File: Ge1Li3O4Zn0.png Graphic file (type png)
<use Ge1Li3O4Zn0.png>
Package pdftex.def Info: Ge1Li3O4Zn0.png  used on input line 25971.
(pdftex.def)             Requested size: 433.61894pt x 361.34912pt.
[193 <./Ge1Li3O4Zn0.png>] [194] [195] [196

]
Chapter 50.
<Ge1Li2Mg1O4.png, id=1351, 433.62pt x 361.35pt>
File: Ge1Li2Mg1O4.png Graphic file (type png)
<use Ge1Li2Mg1O4.png>
Package pdftex.def Info: Ge1Li2Mg1O4.png  used on input line 26452.
(pdftex.def)             Requested size: 433.61894pt x 361.34912pt.
[197 <./Ge1Li2Mg1O4.png>] [198] [199] [200

]
Chapter 51.
<Ga1Li1Se2.png, id=1371, 433.62pt x 361.35pt>
File: Ga1Li1Se2.png Graphic file (type png)
<use Ga1Li1Se2.png>
Package pdftex.def Info: Ga1Li1Se2.png  used on input line 26903.
(pdftex.def)             Requested size: 433.61894pt x 361.34912pt.
[201 <./Ga1Li1Se2.png>] [202] [203] [204

]
Chapter 52.
<Ba1Li2Mg1O8P2.png, id=1390, 433.62pt x 361.35pt>
File: Ba1Li2Mg1O8P2.png Graphic file (type png)
<use Ba1Li2Mg1O8P2.png>
Package pdftex.def Info: Ba1Li2Mg1O8P2.png  used on input line 27324.
(pdftex.def)             Requested size: 433.61894pt x 361.34912pt.
[205 <./Ba1Li2Mg1O8P2.png>] [206] [207] [208

]
Chapter 53.
<Ga1Li3Na2O4.png, id=1410, 433.62pt x 361.35pt>
File: Ga1Li3Na2O4.png Graphic file (type png)
<use Ga1Li3Na2O4.png>
Package pdftex.def Info: Ga1Li3Na2O4.png  used on input line 27763.
(pdftex.def)             Requested size: 433.61894pt x 361.34912pt.
[209 <./Ga1Li3Na2O4.png>] [210] [211] [212

]
Chapter 54.
<Li2Mg1O4Si1.png, id=1431, 433.62pt x 361.35pt>
File: Li2Mg1O4Si1.png Graphic file (type png)
<use Li2Mg1O4Si1.png>
Package pdftex.def Info: Li2Mg1O4Si1.png  used on input line 28517.
(pdftex.def)             Requested size: 433.61894pt x 361.34912pt.
[213 <./Li2Mg1O4Si1.png>] [214] [215] [216

]
Chapter 55.
<Ge1Li4S4.png, id=1451, 433.62pt x 361.35pt>
File: Ge1Li4S4.png Graphic file (type png)
<use Ge1Li4S4.png>
Package pdftex.def Info: Ge1Li4S4.png  used on input line 29167.
(pdftex.def)             Requested size: 433.61894pt x 361.34912pt.
[217 <./Ge1Li4S4.png>] [218] [219] [220

]
Chapter 56.
<Li3O4P1.png, id=1472, 433.62pt x 361.35pt>
File: Li3O4P1.png Graphic file (type png)
<use Li3O4P1.png>
Package pdftex.def Info: Li3O4P1.png  used on input line 29869.
(pdftex.def)             Requested size: 433.61894pt x 361.34912pt.
[221 <./Li3O4P1.png>] [222] [223] [224

]
Chapter 57.
<K3Li1Si4.png, id=1493, 433.62pt x 361.35pt>
File: K3Li1Si4.png Graphic file (type png)
<use K3Li1Si4.png>
Package pdftex.def Info: K3Li1Si4.png  used on input line 30350.
(pdftex.def)             Requested size: 433.61894pt x 361.34912pt.
[225 <./K3Li1Si4.png>] [226] [227] [228

]
Chapter 58.
<Li3P1S4.png, id=1513, 433.62pt x 361.35pt>
File: Li3P1S4.png Graphic file (type png)
<use Li3P1S4.png>
Package pdftex.def Info: Li3P1S4.png  used on input line 31000.
(pdftex.def)             Requested size: 433.61894pt x 361.34912pt.
[229 <./Li3P1S4.png>] [230] [231] [232

]
Chapter 59.
<Li1O3Sb1.png, id=1534, 433.62pt x 361.35pt>
File: Li1O3Sb1.png Graphic file (type png)
<use Li1O3Sb1.png>
Package pdftex.def Info: Li1O3Sb1.png  used on input line 31650.
(pdftex.def)             Requested size: 433.61894pt x 361.34912pt.
[233 <./Li1O3Sb1.png>] [234] [235] [236

]
Chapter 60.
<Li1Si1Y1.png, id=1554, 433.62pt x 361.35pt>
File: Li1Si1Y1.png Graphic file (type png)
<use Li1Si1Y1.png>
Package pdftex.def Info: Li1Si1Y1.png  used on input line 32159.
(pdftex.def)             Requested size: 433.61894pt x 361.34912pt.
[237 <./Li1Si1Y1.png>] [238] [239] [240

]
Chapter 61.
<Li2O3Si1.png, id=1573, 433.62pt x 361.35pt>
File: Li2O3Si1.png Graphic file (type png)
<use Li2O3Si1.png>
Package pdftex.def Info: Li2O3Si1.png  used on input line 32541.
(pdftex.def)             Requested size: 433.61894pt x 361.34912pt.
[241 <./Li2O3Si1.png>] [242] [243] [244

]
Chapter 62.
<Li1S2Ti1.png, id=1593, 433.62pt x 361.35pt>
File: Li1S2Ti1.png Graphic file (type png)
<use Li1S2Ti1.png>
Package pdftex.def Info: Li1S2Ti1.png  used on input line 33126.
(pdftex.def)             Requested size: 433.61894pt x 361.34912pt.
[245 <./Li1S2Ti1.png>] [246] [247] [248

]
Chapter 63.
<Li1O1Rb1.png, id=1613, 526.1256pt x 357.0138pt>
File: Li1O1Rb1.png Graphic file (type png)
<use Li1O1Rb1.png>
Package pdftex.def Info: Li1O1Rb1.png  used on input line 33549.
(pdftex.def)             Requested size: 469.77563pt x 318.77086pt.
[249 <./Li1O1Rb1.png>] [250] [251] [252

]
Chapter 64.
<Li4P2S6.png, id=1633, 526.1256pt x 357.0138pt>
File: Li4P2S6.png Graphic file (type png)
<use Li4P2S6.png>
Package pdftex.def Info: Li4P2S6.png  used on input line 33978.
(pdftex.def)             Requested size: 469.77563pt x 318.77086pt.
[253 <./Li4P2S6.png>] [254] [255] [256

]
Chapter 65.
<Al1Li1O2.png, id=1653, 526.1256pt x 357.0138pt>
File: Al1Li1O2.png Graphic file (type png)
<use Al1Li1O2.png>
Package pdftex.def Info: Al1Li1O2.png  used on input line 34407.
(pdftex.def)             Requested size: 469.77563pt x 318.77086pt.
[257 <./Al1Li1O2.png>] [258]
LaTeX Font Info:    Trying to load font information for TS1+qtm on input line 3
4818.
 (/usr/share/texmf/tex/latex/tex-gyre/ts1qtm.fd
File: ts1qtm.fd 2009/09/25 v1.2 font definition file for TS1/qtm
)
(./lithiumbatterysolid-stateelectrolytecatalogtopologyandphysicsdescription.ind
) [259]
(./lithiumbatterysolid-stateelectrolytecatalogtopologyandphysicsdescription.aux
)
Package rerunfilecheck Info: File `lithiumbatterysolid-stateelectrolytecatalogt
opologyandphysicsdescription.out' has not changed.
(rerunfilecheck)             Checksum: DEFE020F199449312B8015815C5FE728;5692.
 ) 
Here is how much of TeX's memory you used:
 17023 strings out of 478287
 284161 string characters out of 5849289
 630084 words of memory out of 5000000
 34432 multiletter control sequences out of 15000+600000
 510830 words of font info for 63 fonts, out of 8000000 for 9000
 1142 hyphenation exceptions out of 8191
 70i,13n,76p,314b,602s stack positions out of 5000i,500n,10000p,200000b,80000s
{/usr/share/texmf/fonts/enc/dvips/tex-gyre/q-ts1.enc}{/usr/share/texmf/fonts/
enc/dvips/tex-gyre/q-ec.enc}</usr/share/texlive/texmf-dist/fonts/type1/public/a
msfonts/cm/cmmi10.pfb></usr/share/texlive/texmf-dist/fonts/type1/public/amsfont
s/cm/cmmi7.pfb></usr/share/texlive/texmf-dist/fonts/type1/public/amsfonts/cm/cm
r10.pfb></usr/share/texmf/fonts/type1/public/tex-gyre/qhvb.pfb></usr/share/texm
f/fonts/type1/public/tex-gyre/qhvbi.pfb></usr/share/texmf/fonts/type1/public/te
x-gyre/qhvr.pfb></usr/share/texmf/fonts/type1/public/tex-gyre/qtmb.pfb></usr/sh
are/texmf/fonts/type1/public/tex-gyre/qtmr.pfb>
Output written on lithiumbatterysolid-stateelectrolytecatalogtopologyandphysics
description.pdf (265 pages, 1674656 bytes).
PDF statistics:
 1787 PDF objects out of 2073 (max. 8388607)
 1361 compressed objects within 14 object streams
 346 named destinations out of 1000 (max. 500000)
 866 words of extra memory for PDF output out of 10000 (max. 10000000)

