\BOOKMARK [0][-]{chapter.1}{\376\377\000B\0002\000L\000i\0002\000S\0005}{}% 1
\BOOKMARK [0][-]{chapter.2}{\376\377\000A\000s\0001\000L\000i\0001\000O\0004\000R\000b\0002}{}% 2
\BOOKMARK [0][-]{chapter.3}{\376\377\000G\000e\0002\000L\000i\0001\000N\0003}{}% 3
\BOOKMARK [0][-]{chapter.4}{\376\377\000I\000n\0001\000L\000i\0001\000S\0002}{}% 4
\BOOKMARK [0][-]{chapter.5}{\376\377\000L\000i\0004\000N\0002\000N\000a\0002}{}% 5
\BOOKMARK [0][-]{chapter.6}{\376\377\000B\000e\0001\000L\000i\0001\000S\000b\0001}{}% 6
\BOOKMARK [0][-]{chapter.7}{\376\377\000K\0001\000L\000i\0001\000O\0001}{}% 7
\BOOKMARK [0][-]{chapter.8}{\376\377\000L\000i\0001\000M\000g\0001\000N\0001}{}% 8
\BOOKMARK [0][-]{chapter.9}{\376\377\000A\000s\0001\000B\000e\0001\000L\000i\0001}{}% 9
\BOOKMARK [0][-]{chapter.10}{\376\377\000B\0002\000C\000a\0001\000L\000i\0004\000O\0006}{}% 10
\BOOKMARK [0][-]{chapter.11}{\376\377\000A\000s\0001\000K\0001\000L\000i\0002}{}% 11
\BOOKMARK [0][-]{chapter.12}{\376\377\000B\0001\000L\000i\0003\000N\0002}{}% 12
\BOOKMARK [0][-]{chapter.13}{\376\377\000I\0001\000L\000i\0001}{}% 13
\BOOKMARK [0][-]{chapter.14}{\376\377\000A\000l\0001\000L\000i\0005\000O\0004}{}% 14
\BOOKMARK [0][-]{chapter.15}{\376\377\000L\000i\0006\000O\0004\000Z\000n\0001}{}% 15
\BOOKMARK [0][-]{chapter.16}{\376\377\000L\000i\0003\000N\0001}{}% 16
\BOOKMARK [0][-]{chapter.17}{\376\377\000L\000i\0007\000N\0004\000P\0001}{}% 17
\BOOKMARK [0][-]{chapter.18}{\376\377\000F\0008\000L\000i\0004\000Z\000r\0001}{}% 18
\BOOKMARK [0][-]{chapter.19}{\376\377\000L\000i\0001\000N\0001\000S\000r\0001}{}% 19
\BOOKMARK [0][-]{chapter.20}{\376\377\000C\0001\000L\000i\0001\000N\0001\000S\0001}{}% 20
\BOOKMARK [0][-]{chapter.21}{\376\377\000L\000i\0001\000O\0005\000P\0001\000T\000i\0001}{}% 21
\BOOKMARK [0][-]{chapter.22}{\376\377\000B\0003\000C\000a\0004\000L\000i\0001\000N\0006}{}% 22
\BOOKMARK [0][-]{chapter.23}{\376\377\000B\0001\000C\000a\0001\000L\000i\0001\000O\0003}{}% 23
\BOOKMARK [0][-]{chapter.24}{\376\377\000C\000l\0002\000C\000s\0001\000L\000i\0001}{}% 24
\BOOKMARK [0][-]{chapter.25}{\376\377\000L\000i\0004\000O\0004\000T\000i\0001}{}% 25
\BOOKMARK [0][-]{chapter.26}{\376\377\000B\0001\000G\000e\0001\000L\000i\0001\000O\0004}{}% 26
\BOOKMARK [0][-]{chapter.27}{\376\377\000F\0006\000L\000i\0003\000T\000i\0001}{}% 27
\BOOKMARK [0][-]{chapter.28}{\376\377\000L\000i\0002\000O\0004\000S\0001}{}% 28
\BOOKMARK [0][-]{chapter.29}{\376\377\000C\0001\000L\000i\0004\000O\0004}{}% 29
\BOOKMARK [0][-]{chapter.30}{\376\377\000L\000i\0002\000S\0001}{}% 30
\BOOKMARK [0][-]{chapter.31}{\376\377\000L\000i\0001\0004\000N\0006\000O\0003\000P\0002}{}% 31
\BOOKMARK [0][-]{chapter.32}{\376\377\000L\000i\0001\000O\0002\000T\000i\0001}{}% 32
\BOOKMARK [0][-]{chapter.33}{\376\377\000C\0002\000B\0001\000F\0002\000L\000i\0001\000O\0004}{}% 33
\BOOKMARK [0][-]{chapter.34}{\376\377\000A\000l\0001\000L\000i\0001\000O\0004\000S\000i\0001}{}% 34
\BOOKMARK [0][-]{chapter.35}{\376\377\000L\000i\0005\000N\0002\000N\000a\0001}{}% 35
\BOOKMARK [0][-]{chapter.36}{\376\377\000L\000i\0001\000N\0002\000Z\000r\0001}{}% 36
\BOOKMARK [0][-]{chapter.37}{\376\377\000C\000l\0001\000L\000i\0001\000O\0004}{}% 37
\BOOKMARK [0][-]{chapter.38}{\376\377\000L\000i\0002\000N\0002\000N\000a\0004}{}% 38
\BOOKMARK [0][-]{chapter.39}{\376\377\000L\000i\0003\000N\0002\000N\000a\0003}{}% 39
\BOOKMARK [0][-]{chapter.40}{\376\377\000L\000i\0002\000N\0002\000Z\000r\0001}{}% 40
\BOOKMARK [0][-]{chapter.41}{\376\377\000I\0006\000L\000i\0002\000O\0001\0008\000T\000i\0001}{}% 41
\BOOKMARK [0][-]{chapter.42}{\376\377\000I\000n\0001\000L\000i\0003\000O\0003}{}% 42
\BOOKMARK [0][-]{chapter.43}{\376\377\000L\000i\0002\000O\0004\000S\000i\0001\000S\000r\0001}{}% 43
\BOOKMARK [0][-]{chapter.44}{\376\377\000C\000a\0001\000L\000i\0001\000N\0001}{}% 44
\BOOKMARK [0][-]{chapter.45}{\376\377\000B\000r\0002\000L\000i\0005\000N\0001}{}% 45
\BOOKMARK [0][-]{chapter.46}{\376\377\000A\000l\0001\000L\000a\0004\000L\000i\0001\000O\0008}{}% 46
\BOOKMARK [0][-]{chapter.47}{\376\377\000B\000r\0003\000C\000s\0001\000L\000i\0002}{}% 47
\BOOKMARK [0][-]{chapter.48}{\376\377\000B\0001\000L\000i\0001\000M\000g\0001\000N\0002}{}% 48
\BOOKMARK [0][-]{chapter.49}{\376\377\000G\000e\0001\000L\000i\0003\000O\0004\000Z\000n\0000}{}% 49
\BOOKMARK [0][-]{chapter.50}{\376\377\000G\000e\0001\000L\000i\0002\000M\000g\0001\000O\0004}{}% 50
\BOOKMARK [0][-]{chapter.51}{\376\377\000G\000a\0001\000L\000i\0001\000S\000e\0002}{}% 51
\BOOKMARK [0][-]{chapter.52}{\376\377\000B\000a\0001\000L\000i\0002\000M\000g\0001\000O\0008\000P\0002}{}% 52
\BOOKMARK [0][-]{chapter.53}{\376\377\000G\000a\0001\000L\000i\0003\000N\000a\0002\000O\0004}{}% 53
\BOOKMARK [0][-]{chapter.54}{\376\377\000L\000i\0002\000M\000g\0001\000O\0004\000S\000i\0001}{}% 54
\BOOKMARK [0][-]{chapter.55}{\376\377\000G\000e\0001\000L\000i\0004\000S\0004}{}% 55
\BOOKMARK [0][-]{chapter.56}{\376\377\000L\000i\0003\000O\0004\000P\0001}{}% 56
\BOOKMARK [0][-]{chapter.57}{\376\377\000K\0003\000L\000i\0001\000S\000i\0004}{}% 57
\BOOKMARK [0][-]{chapter.58}{\376\377\000L\000i\0003\000P\0001\000S\0004}{}% 58
\BOOKMARK [0][-]{chapter.59}{\376\377\000L\000i\0001\000O\0003\000S\000b\0001}{}% 59
\BOOKMARK [0][-]{chapter.60}{\376\377\000L\000i\0001\000S\000i\0001\000Y\0001}{}% 60
\BOOKMARK [0][-]{chapter.61}{\376\377\000L\000i\0002\000O\0003\000S\000i\0001}{}% 61
\BOOKMARK [0][-]{chapter.62}{\376\377\000L\000i\0001\000S\0002\000T\000i\0001}{}% 62
\BOOKMARK [0][-]{chapter.63}{\376\377\000L\000i\0001\000O\0001\000R\000b\0001}{}% 63
\BOOKMARK [0][-]{chapter.64}{\376\377\000L\000i\0004\000P\0002\000S\0006}{}% 64
\BOOKMARK [0][-]{chapter.65}{\376\377\000A\000l\0001\000L\000i\0001\000O\0002}{}% 65
